# JRE version: OpenJDK Runtime Environment Microsoft-7208460 (11.0.18+10) (build 11.0.18+10-LTS)
# Java VM: OpenJDK 64-Bit Server VM Microsoft-7208460 (11.0.18+10-LTS, mixed mode, tiered, compressed oops, g1 gc, windows-amd64)
Heap:
 garbage-first heap   total 461824K, used 347352K [0x0000000080000000, 0x0000000100000000)
  region size 1024K, 58 young (59392K), 5 survivors (5120K)
 Metaspace       used 136487K, capacity 142365K, committed 144392K, reserved 641024K
  class space    used 16960K, capacity 19049K, committed 19712K, reserved 516096K
GC Heap History (20 events):
Event: 885.826 GC heap before
{Heap before GC invocations=127 (full 0):
 garbage-first heap   total 375808K, used 302614K [0x0000000080000000, 0x0000000100000000)
  region size 1024K, 46 young (47104K), 6 survivors (6144K)
 Metaspace       used 136838K, capacity 143135K, committed 143240K, reserved 641024K
  class space    used 17212K, capacity 19493K, committed 19584K, reserved 516096K
}
Event: 885.863 GC heap after
{Heap after GC invocations=128 (full 0):
 garbage-first heap   total 375808K, used 272384K [0x0000000080000000, 0x0000000100000000)
  region size 1024K, 6 young (6144K), 6 survivors (6144K)
 Metaspace       used 136838K, capacity 143135K, committed 143240K, reserved 641024K
  class space    used 17212K, capacity 19493K, committed 19584K, reserved 516096K
}
Event: 886.342 GC heap before
{Heap before GC invocations=129 (full 0):
 garbage-first heap   total 375808K, used 309248K [0x0000000080000000, 0x0000000100000000)
  region size 1024K, 42 young (43008K), 6 survivors (6144K)
 Metaspace       used 136874K, capacity 143142K, committed 143240K, reserved 641024K
  class space    used 17213K, capacity 19494K, committed 19584K, reserved 516096K
}
Event: 886.381 GC heap after
{Heap after GC invocations=130 (full 0):
 garbage-first heap   total 375808K, used 281600K [0x0000000080000000, 0x0000000100000000)
  region size 1024K, 6 young (6144K), 6 survivors (6144K)
 Metaspace       used 136874K, capacity 143142K, committed 143240K, reserved 641024K
  class space    used 17213K, capacity 19494K, committed 19584K, reserved 516096K
}
Event: 886.479 GC heap before
{Heap before GC invocations=130 (full 0):
 garbage-first heap   total 375808K, used 293888K [0x0000000080000000, 0x0000000100000000)
  region size 1024K, 18 young (18432K), 6 survivors (6144K)
 Metaspace       used 136879K, capacity 143142K, committed 143240K, reserved 641024K
  class space    used 17213K, capacity 19494K, committed 19584K, reserved 516096K
}
Event: 886.511 GC heap after
{Heap after GC invocations=131 (full 0):
 garbage-first heap   total 375808K, used 282512K [0x0000000080000000, 0x0000000100000000)
  region size 1024K, 3 young (3072K), 3 survivors (3072K)
 Metaspace       used 136879K, capacity 143142K, committed 143240K, reserved 641024K
  class space    used 17213K, capacity 19494K, committed 19584K, reserved 516096K
}
Event: 886.882 GC heap before
{Heap before GC invocations=131 (full 0):
 garbage-first heap   total 375808K, used 315280K [0x0000000080000000, 0x0000000100000000)
  region size 1024K, 35 young (35840K), 3 survivors (3072K)
 Metaspace       used 136920K, capacity 143165K, committed 143496K, reserved 641024K
  class space    used 17215K, capacity 19498K, committed 19584K, reserved 516096K
}
Event: 886.909 GC heap after
{Heap after GC invocations=132 (full 0):
 garbage-first heap   total 375808K, used 288675K [0x0000000080000000, 0x0000000100000000)
  region size 1024K, 5 young (5120K), 5 survivors (5120K)
 Metaspace       used 136920K, capacity 143165K, committed 143496K, reserved 641024K
  class space    used 17215K, capacity 19498K, committed 19584K, reserved 516096K
}
Event: 887.448 GC heap before
{Heap before GC invocations=132 (full 0):
 garbage-first heap   total 375808K, used 318371K [0x0000000080000000, 0x0000000100000000)
  region size 1024K, 35 young (35840K), 5 survivors (5120K)
 Metaspace       used 136979K, capacity 143238K, committed 143496K, reserved 641024K
  class space    used 17217K, capacity 19501K, committed 19584K, reserved 516096K
}
Event: 887.464 GC heap after
{Heap after GC invocations=133 (full 0):
 garbage-first heap   total 375808K, used 291754K [0x0000000080000000, 0x0000000100000000)
  region size 1024K, 3 young (3072K), 3 survivors (3072K)
 Metaspace       used 136979K, capacity 143238K, committed 143496K, reserved 641024K
  class space    used 17217K, capacity 19501K, committed 19584K, reserved 516096K
}
Event: 888.913 GC heap before
{Heap before GC invocations=134 (full 0):
 garbage-first heap   total 375808K, used 321450K [0x0000000080000000, 0x0000000100000000)
  region size 1024K, 32 young (32768K), 3 survivors (3072K)
 Metaspace       used 137154K, capacity 143533K, committed 143752K, reserved 641024K
  class space    used 17240K, capacity 19573K, committed 19584K, reserved 516096K
}
Event: 888.925 GC heap after
{Heap after GC invocations=135 (full 0):
 garbage-first heap   total 375808K, used 293888K [0x0000000080000000, 0x0000000100000000)
  region size 1024K, 2 young (2048K), 2 survivors (2048K)
 Metaspace       used 137154K, capacity 143533K, committed 143752K, reserved 641024K
  class space    used 17240K, capacity 19573K, committed 19584K, reserved 516096K
}
Event: 889.149 GC heap before
{Heap before GC invocations=135 (full 0):
 garbage-first heap   total 375808K, used 310272K [0x0000000080000000, 0x0000000100000000)
  region size 1024K, 18 young (18432K), 2 survivors (2048K)
 Metaspace       used 137187K, capacity 143564K, committed 143752K, reserved 641024K
  class space    used 17245K, capacity 19583K, committed 19584K, reserved 516096K
}
Event: 889.172 GC heap after
{Heap after GC invocations=136 (full 0):
 garbage-first heap   total 375808K, used 290564K [0x0000000080000000, 0x0000000100000000)
  region size 1024K, 2 young (2048K), 2 survivors (2048K)
 Metaspace       used 137187K, capacity 143564K, committed 143752K, reserved 641024K
  class space    used 17245K, capacity 19583K, committed 19584K, reserved 516096K
}
Event: 889.891 GC heap before
{Heap before GC invocations=136 (full 0):
 garbage-first heap   total 375808K, used 321284K [0x0000000080000000, 0x0000000100000000)
  region size 1024K, 32 young (32768K), 2 survivors (2048K)
 Metaspace       used 137281K, capacity 143701K, committed 143880K, reserved 641024K
  class space    used 17255K, capacity 19601K, committed 19712K, reserved 516096K
}
Event: 889.908 GC heap after
{Heap after GC invocations=137 (full 0):
 garbage-first heap   total 461824K, used 292177K [0x0000000080000000, 0x0000000100000000)
  region size 1024K, 3 young (3072K), 3 survivors (3072K)
 Metaspace       used 137281K, capacity 143701K, committed 143880K, reserved 641024K
  class space    used 17255K, capacity 19601K, committed 19712K, reserved 516096K
}
Event: 1337.072 GC heap before
{Heap before GC invocations=138 (full 0):
 garbage-first heap   total 461824K, used 357713K [0x0000000080000000, 0x0000000100000000)
  region size 1024K, 67 young (68608K), 3 survivors (3072K)
 Metaspace       used 137444K, capacity 143950K, committed 144136K, reserved 641024K
  class space    used 17262K, capacity 19614K, committed 19712K, reserved 516096K
}
Event: 1337.088 GC heap after
{Heap after GC invocations=139 (full 0):
 garbage-first heap   total 461824K, used 293927K [0x0000000080000000, 0x0000000100000000)
  region size 1024K, 5 young (5120K), 5 survivors (5120K)
 Metaspace       used 137444K, capacity 143950K, committed 144136K, reserved 641024K
  class space    used 17262K, capacity 19614K, committed 19712K, reserved 516096K
}
Event: 5233.791 GC heap before
{Heap before GC invocations=139 (full 0):
 garbage-first heap   total 461824K, used 362535K [0x0000000080000000, 0x0000000100000000)
  region size 1024K, 73 young (74752K), 5 survivors (5120K)
 Metaspace       used 137529K, capacity 144014K, committed 144136K, reserved 641024K
  class space    used 17262K, capacity 19614K, committed 19712K, reserved 516096K
}
Event: 5233.855 GC heap after
{Heap after GC invocations=140 (full 0):
 garbage-first heap   total 461824K, used 294104K [0x0000000080000000, 0x0000000100000000)
  region size 1024K, 5 young (5120K), 5 survivors (5120K)
 Metaspace       used 137529K, capacity 144014K, committed 144136K, reserved 641024K
  class space    used 17262K, capacity 19614K, committed 19712K, reserved 516096K
}

